*************************************************************************** 
*                   MD analysis (Version 05 Sept 2024)                    *
*                      Date:  10/15/2024, 09:02:24                        * 
*************************************************************************** 
Inputs:

SYSTEM_NAME: H2O	# Name of the system. This will determine the names of the file (e.g. C2.out, C2.aimd, C2.out_01 etc)
N_FOLDERS: 1 		# Number of folders used to run the simulation (Each folder will be considered a MD trajectory with an indepedent starting point)
FOLDER_PATH_SIMULATIONS: ./	# Location of the folders
N_SIMULATIONS_FOLDER: 1 	# Number of simulation run within each folder (If it has 3 simulations, C2.out, C2.out_01, C2.out_02 files are expected.)


N_EQUIL: 10			# Number of MD steps for equilibriation


PCF_FLAG: 0 			# Flag to do a pair correlation function calculation
RANGE_PCF: 10 			# Maximum radial distance to be  considered 
SIZE_HIST_PCF: 100 		# Total number of spherical shells to be considered

SELF_DIFFUSION_FLAG: 1 			# Flag to do self-diffusion coefficient calculation using integration of VACF
BLOCK_LENGTH_SELF_DIFFUSION: 10 15 	# Block length 


INTER_DIFFUSION_FLAG: 1 		# Flag to do inter-diffusion coefficient calculation using integration of VACF
BLOCK_LENGTH_INTER_DIFFUSION: 20	# Block length

VISCOSITY_FLAG: 1 			# Flag to do shear viscosity calculation using integration of VACF
BLOCK_LENGTH_VISCOSITY: 20 		# Block length

INTERNAL_ENERGY_FLAG: 1 		# Flag to get the mean and error bar of total internal energy (ha/atom)
PRESSURE_FLAG: 1 			# Flag to get the mean and error bar of total pressure (GPa)
*************************************************************************** 
Internal energy (UEN + KENIG):
Mean of internal energy [ha/atom]: -2.447001459E+01
Error bar of internal energy [ha/atom]: 1.487E-03
*************************************************************************** 
Pressure (PRES + PRESIG):
Mean of pressure [GPa]: 4.846579972E+02
Error bar of pressure [GPa]: 3.127E+00
*************************************************************************** 
Self diffusion coefficient:
Self diffusion coefficients [cm^2/s]: 
2.3531E-03, 2.5359E-04, 
Self diffusion coefficients error bar[cm^2/s]: 
3.5450E-05, 1.3529E-05, 
*************************************************************************** 
Inter diffusion coefficient:
Inter diffusion coefficients [cm^2/s]: 
9.7906E-03, 
Inter diffusion coefficients error bar[cm^2/s]: 
1.8895E-03, 
*************************************************************************** 
Shear viscosity:
Viscosity [Pa-s]: 
5.4306E-04, 
Viscosity error bar[Pa-s]: 
6.4636E-05, 
